[12:43:21] [main/INFO]: Loading Minecraft 1.19.2 with Fabric Loader 0.14.9
[12:43:21] [main/INFO]: Loading 45 mods:
	- architectury 6.5.85
	- fabric-api 0.76.0+1.19.2
	- fabric-api-base 0.4.15+8f4e8eb390 via fabric-api
	- fabric-api-lookup-api-v1 1.6.14+93d8cb8290 via fabric-api
	- fabric-biome-api-v1 9.1.1+16f1e31390 via fabric-api
	- fabric-block-api-v1 1.0.2+e415d50e90 via fabric-api
	- fabric-command-api-v1 1.2.16+f71b366f90 via fabric-api
	- fabric-command-api-v2 2.2.1+413cbbc790 via fabric-api
	- fabric-commands-v0 0.2.33+df3654b390 via fabric-api
	- fabric-containers-v0 0.1.41+df3654b390 via fabric-api
	- fabric-content-registries-v0 3.5.2+7c6cd14d90 via fabric-api
	- fabric-convention-tags-v1 1.3.0+4bc6e26290 via fabric-api
	- fabric-crash-report-info-v1 0.2.8+aeb40ebe90 via fabric-api
	- fabric-data-generation-api-v1 5.3.8+413cbbc790 via fabric-api
	- fabric-dimensions-v1 2.1.35+0d0f210290 via fabric-api
	- fabric-entity-events-v1 1.5.4+9244241690 via fabric-api
	- fabric-events-interaction-v0 0.4.34+562bff6e90 via fabric-api
	- fabric-events-lifecycle-v0 0.2.36+df3654b390 via fabric-api
	- fabric-game-rule-api-v1 1.0.24+b6b6abb490 via fabric-api
	- fabric-item-api-v1 1.6.6+b7d1888890 via fabric-api
	- fabric-item-groups-v0 0.3.39+9244241690 via fabric-api
	- fabric-lifecycle-events-v1 2.2.4+1b46dc7890 via fabric-api
	- fabric-loot-api-v2 1.1.13+83a8659290 via fabric-api
	- fabric-loot-tables-v1 1.1.16+9e7660c690 via fabric-api
	- fabric-message-api-v1 5.0.7+93d8cb8290 via fabric-api
	- fabric-mining-level-api-v1 2.1.24+33fbc73890 via fabric-api
	- fabric-networking-api-v1 1.2.11+10eb22f490 via fabric-api
	- fabric-networking-v0 0.3.28+df3654b390 via fabric-api
	- fabric-object-builder-api-v1 4.2.2+d8ef690890 via fabric-api
	- fabric-particles-v1 1.0.14+4d0d570390 via fabric-api
	- fabric-recipe-api-v1 1.0.1+413cbbc790 via fabric-api
	- fabric-registry-sync-v0 0.9.32+9244241690 via fabric-api
	- fabric-rendering-data-attachment-v1 0.3.19+6e0787e690 via fabric-api
	- fabric-rendering-fluids-v1 3.0.11+4d0d570390 via fabric-api
	- fabric-resource-conditions-api-v1 2.1.2+aae9039d90 via fabric-api
	- fabric-resource-loader-v0 0.8.4+edbdcddb90 via fabric-api
	- fabric-screen-handler-api-v1 1.3.7+1cc24b1b90 via fabric-api
	- fabric-transfer-api-v1 2.1.6+413cbbc790 via fabric-api
	- fabric-transitive-access-wideners-v1 1.3.3+08b73de490 via fabric-api
	- fabricloader 0.14.9
	- java 17
	- kubejs 1902.6.0-build.142
	- minecraft 1.19.2
	- rhino 1902.2.2-build.268
	- worldedit 7.2.12+6240-87f4ae1
[12:43:21] [main/INFO]: SpongePowered MIXIN Subsystem Version=0.8.5 Source=file:/C:/Users/olive/Documents/serversstuff/Ermengardis/Ermengardis/libraries/net/fabricmc/sponge-mixin/0.11.4+mixin.0.8.5/sponge-mixin-0.11.4+mixin.0.8.5.jar Service=Knot/Fabric Env=SERVER
[12:43:22] [main/INFO]: Compatibility level set to JAVA_16
[12:43:22] [main/INFO]: Compatibility level set to JAVA_17
[12:43:31] [main/INFO]: Building unoptimized datafixer
[12:43:35] [main/INFO]: Looking for KubeJS plugins...
[12:43:35] [main/INFO]: Found plugin source kubejs
[12:43:36] [main/INFO]: Done in 201.1 ms
[12:43:36] [main/INFO]: Loaded common.properties
[12:43:36] [main/INFO]: Loading Rhino Minecraft remapper...
[12:43:36] [main/INFO]: Rhino properties loaded.
[12:43:36] [main/INFO]: Loading mappings for 1.19.2
[12:43:36] [main/INFO]: Done in 0.112 s
[12:43:36] [main/INFO]: startup_scripts:script.js:3: Hello, World! (You will only see this line once in console, during startup)
[12:43:36] [main/INFO]: Loaded script startup_scripts:script.js in 0.166 s
[12:43:36] [main/INFO]: Loaded 1/1 KubeJS startup scripts in 0.547 s
[12:43:37] [main/INFO]: Registering C2S receiver with id kubejs:send_data_from_client
[12:43:37] [main/INFO]: Registering C2S receiver with id kubejs:first_click
[12:43:38] [main/INFO]: Got request to register class com.sk89q.worldedit.fabric.FabricPlatform with WorldEdit [com.sk89q.worldedit.extension.platform.PlatformManager@2ccea84b]
[12:43:38] [main/INFO]: WorldEdit for Fabric (version 7.2.12+6240-87f4ae1) is loaded
[12:43:38] [main/INFO]: Environment: authHost='https://authserver.mojang.com', accountsHost='https://api.mojang.com', sessionHost='https://sessionserver.mojang.com', servicesHost='https://api.minecraftservices.com', name='PROD'
[12:43:38] [main/INFO]: Found new data pack Fabric Mods, loading it automatically
[12:43:38] [main/INFO]: Loaded script server_scripts:dialog.js in 0.02 s
[12:43:38] [main/INFO]: server_scripts:script.js:3: Hello, World! (You will see this line every time server resources reload)
[12:43:38] [main/INFO]: Loaded script server_scripts:script.js in 0.006 s
[12:43:38] [main/INFO]: Loaded 2/2 KubeJS server scripts in 0.044 s
[12:43:38] [main/INFO]: Scripts loaded
[12:43:38] [main/INFO]: Registered custom recipe handler for type kubejs:shaped
[12:43:38] [main/INFO]: Registered custom recipe handler for type kubejs:shapeless
[12:43:38] [main/INFO]: Registered custom recipe handler for type minecraft:crafting_shaped
[12:43:38] [main/INFO]: Registered custom recipe handler for type minecraft:crafting_shapeless
[12:43:38] [main/INFO]: Registered custom recipe handler for type minecraft:stonecutting
[12:43:38] [main/INFO]: Registered custom recipe handler for type minecraft:smelting
[12:43:38] [main/INFO]: Registered custom recipe handler for type minecraft:blasting
[12:43:38] [main/INFO]: Registered custom recipe handler for type minecraft:smoking
[12:43:38] [main/INFO]: Registered custom recipe handler for type minecraft:campfire_cooking
[12:43:38] [main/INFO]: Registered custom recipe handler for type minecraft:smithing
[12:43:38] [main/INFO]: Scanning recipes...
[12:43:41] [main/INFO]: Registering commands with com.sk89q.worldedit.fabric.FabricPlatform
[12:43:42] [main/INFO]: Found 1089 recipes and 0 failed recipes in 82.93 ms
[12:43:42] [main/INFO]: Posted recipe events in 5.288 ms
[12:43:42] [main/INFO]: Modified & removed recipes in 19.69 ms
[12:43:42] [main/INFO]: Added recipes in 861.3 ?s
[12:43:42] [main/INFO]: Added 0 recipes, removed 0 recipes, modified 0 recipes, with 0 failed recipes and 0 fall-backed recipes
[12:43:43] [main/INFO]: Loaded 1180 advancements
[12:43:44] [main/INFO]: Applied 0 biome modifications to 0 of 63 new biomes in 3.844 ms
[12:43:44] [Server thread/INFO]: Starting minecraft server version 1.19.2
[12:43:44] [Server thread/INFO]: Loading properties
[12:43:44] [Server thread/INFO]: Default game type: SURVIVAL
[12:43:44] [Server thread/INFO]: Generating keypair
[12:43:44] [Server thread/INFO]: Starting Minecraft server on *:25564
[12:43:45] [Server thread/INFO]: Using default channel type
[12:43:45] [Server thread/INFO]: Preparing level "world"
[12:43:46] [Server thread/INFO]: Preparing start region for dimension minecraft:overworld
[12:43:50] [Worker-Main-6/INFO]: Preparing spawn area: 0%
[12:43:50] [Worker-Main-7/INFO]: Preparing spawn area: 0%
[12:43:50] [Worker-Main-1/INFO]: Preparing spawn area: 0%
[12:43:50] [Worker-Main-6/INFO]: Preparing spawn area: 0%
[12:43:50] [Worker-Main-4/INFO]: Preparing spawn area: 0%
[12:43:50] [Worker-Main-1/INFO]: Preparing spawn area: 0%
[12:43:50] [Worker-Main-7/INFO]: Preparing spawn area: 0%
[12:43:50] [Worker-Main-5/INFO]: Preparing spawn area: 0%
[12:43:50] [Worker-Main-4/INFO]: Preparing spawn area: 0%
[12:43:50] [Worker-Main-2/INFO]: Preparing spawn area: 0%
[12:43:51] [Worker-Main-1/INFO]: Preparing spawn area: 0%
[12:43:51] [Worker-Main-7/INFO]: Preparing spawn area: 0%
[12:43:52] [Worker-Main-1/INFO]: Preparing spawn area: 12%
[12:43:52] [Worker-Main-6/INFO]: Preparing spawn area: 55%
[12:43:52] [Server thread/INFO]: Time elapsed: 6861 ms
[12:43:52] [Server thread/INFO]: Done (7.331s)! For help, type "help"
[12:44:06] [User Authenticator #1/INFO]: UUID of player Stantoncomet is d0135c8a-8623-44d0-87fe-f85bbcd2b055
[12:44:06] [Server thread/INFO]: Stantoncomet[/24.113.20.151:50778] logged in with entity id 22 at (677.3330426848487, 66.0, -285.824653830446)
[12:44:06] [Server thread/INFO]: [motor oil] Stantoncomet© joined the game
[12:44:38] [Server thread/INFO]: Loaded script server_scripts:dialog.js in 0.01 s
[12:44:38] [Server thread/INFO]: server_scripts:script.js:3: Hello, World! (You will see this line every time server resources reload)
[12:44:38] [Server thread/INFO]: Loaded script server_scripts:script.js in 0.004 s
[12:44:38] [Server thread/INFO]: Loaded 2/2 KubeJS server scripts in 0.029 s
[12:45:36] [Server thread/ERROR]: ! #24: Error occurred while handling event 'ItemEvents.entityInteracted': TypeError: Cannot call method "get" of null (server_scripts:dialog.js#24)
[12:45:36] [Server thread/ERROR]: ! #24: Error occurred while handling event 'ItemEvents.entityInteracted': TypeError: Cannot call method "get" of null (server_scripts:dialog.js#24)
[12:45:55] [Server thread/INFO]: [[motor oil] Stantoncomet©: Gave 1 [Anvil] to [motor oil] Stantoncomet©]
[12:46:20] [Server thread/INFO]: [gucci_product_001] goofy poggers (1/2)
[12:46:21] [Server thread/INFO]: [gucci_product_001] goofy poggers (1/2)
[12:46:22] [Server thread/INFO]: [gucci_product_001] goofy poggers (1/2)
[12:46:24] [Server thread/INFO]: [gucci_product_001] goofy poggers (1/2)
[12:46:25] [Server thread/INFO]: [gucci_product_001] goofy poggers (1/2)
[12:46:27] [Server thread/INFO]: [gucci_product_001] jo mama (1/2)
[12:46:27] [Server thread/INFO]: [gucci_product_001] jo mama (1/2)
[12:46:28] [Server thread/INFO]: [gucci_product_001] jo mama (1/2)
[12:46:31] [Server thread/INFO]: [gucci_product_001] goofy poggers (1/2)
[12:46:31] [Server thread/INFO]: [gucci_product_001] goofy poggers (1/2)
[12:46:31] [Server thread/INFO]: [gucci_product_001] goofy poggers (1/2)
[12:46:34] [Server thread/INFO]: Stantoncomet lost connection: Disconnected
[12:46:34] [Server thread/INFO]: [motor oil] Stantoncomet© left the game
[12:47:13] [User Authenticator #2/INFO]: UUID of player Stantoncomet is d0135c8a-8623-44d0-87fe-f85bbcd2b055
[12:47:13] [Server thread/INFO]: Stantoncomet[/24.113.20.151:50805] logged in with entity id 92 at (665.0434430033325, 66.0, -285.6151776913062)
[12:47:13] [Server thread/INFO]: [motor oil] Stantoncomet© joined the game
[12:47:35] [Server thread/INFO]: [gucci_product_001] villager_spawn_egg (1/2)
[12:47:35] [Server thread/INFO]: [gucci_product_001] villager_spawn_egg (1/2)
[12:47:36] [Server thread/INFO]: [gucci_product_001] villager_spawn_egg (1/2)
[12:47:36] [Server thread/INFO]: [gucci_product_001] villager_spawn_egg (1/2)
[12:47:38] [Server thread/INFO]: [gucci_product_001] anvil (1/2)
[12:47:39] [Server thread/INFO]: [gucci_product_001] anvil (1/2)
[12:47:41] [Server thread/INFO]: [gucci_product_001] anvil (1/1)
[12:47:41] [Server thread/INFO]: [gucci_product_001] anvil (1/1)
[12:47:43] [Server thread/INFO]: [gucci_product_001] anvil (1/2)
[12:47:43] [Server thread/INFO]: [gucci_product_001] anvil (1/2)
[12:47:43] [Server thread/INFO]: [gucci_product_001] anvil (1/2)
[12:47:43] [Server thread/INFO]: [gucci_product_001] anvil (1/2)
[12:47:43] [Server thread/INFO]: [gucci_product_001] anvil (1/2)
[12:47:47] [Server thread/INFO]: [gucci_product_001] anvil (1/6)
[12:47:47] [Server thread/INFO]: [gucci_product_001] anvil (1/6)
[12:47:47] [Server thread/INFO]: [gucci_product_001] anvil (1/6)
[12:47:47] [Server thread/INFO]: [gucci_product_001] anvil (1/6)
[12:47:47] [Server thread/INFO]: [gucci_product_001] anvil (1/6)
[12:47:47] [Server thread/INFO]: [gucci_product_001] anvil (1/6)
[12:47:59] [Server thread/INFO]: Unknown or incomplete command, see below for error
[12:47:59] [Server thread/INFO]: goofy<--[HERE]
[12:48:07] [Server thread/INFO]: [test] goofy poggers (1/2)
[12:48:07] [Server thread/INFO]: [test] goofy poggers (1/2)
[12:48:08] [Server thread/INFO]: [test] goofy poggers (1/2)
[12:48:08] [Server thread/INFO]: [test] goofy poggers (1/2)
[12:48:09] [Server thread/INFO]: [test] goofy poggers (1/2)
[12:48:09] [Server thread/INFO]: [test] goofy poggers (1/2)
[12:48:11] [Server thread/INFO]: [test] repeating_command_block (1/1)
[12:48:15] [Server thread/INFO]: Stantoncomet lost connection: Disconnected
[12:48:15] [Server thread/INFO]: [motor oil] Stantoncomet© left the game
[12:49:06] [User Authenticator #3/INFO]: UUID of player Stantoncomet is d0135c8a-8623-44d0-87fe-f85bbcd2b055
[12:49:07] [Server thread/INFO]: Stantoncomet[/24.113.20.151:50855] logged in with entity id 161 at (665.6999999880791, 66.0, -280.77286059050596)
[12:49:07] [Server thread/INFO]: [motor oil] Stantoncomet© joined the game
[12:49:10] [User Authenticator #4/INFO]: UUID of player Stantoncomet is d0135c8a-8623-44d0-87fe-f85bbcd2b055
[12:49:10] [Server thread/INFO]: com.mojang.authlib.GameProfile@5040b0e5[id=d0135c8a-8623-44d0-87fe-f85bbcd2b055,name=Stantoncomet,properties={textures=[com.mojang.authlib.properties.Property@589d7e1]},legacy=false] (/24.113.20.151:50834) lost connection: Disconnected
[12:49:33] [Server thread/INFO]: [[motor oil] Stantoncomet©: Created new objective [talkStage]]
[12:49:39] [Server thread/INFO]: [[motor oil] Stantoncomet©: Created new objective [dialogStage]]
[12:49:42] [Server thread/INFO]: [test] repeating_command_block (1/1)
[12:49:42] [Server thread/INFO]: [test] repeating_command_block (1/1)
[12:49:46] [Server thread/INFO]: [gucci_product_001] jo mama (1/2)
[12:49:46] [Server thread/INFO]: [gucci_product_001] wooden_axe (2/2)
[12:49:47] [Server thread/INFO]: [gucci_product_001] jo mama (1/2)
[12:49:47] [Server thread/INFO]: [gucci_product_001] wooden_axe (2/2)
[12:49:47] [Server thread/INFO]: [gucci_product_001] jo mama (1/2)
[12:49:48] [Server thread/INFO]: [gucci_product_001] wooden_axe (2/2)
[12:49:48] [Server thread/INFO]: [gucci_product_001] jo mama (1/2)
[12:49:49] [Server thread/INFO]: Stantoncomet lost connection: Disconnected
[12:49:49] [Server thread/INFO]: [motor oil] Stantoncomet© left the game
[12:49:52] [User Authenticator #5/INFO]: UUID of player Stantoncomet is d0135c8a-8623-44d0-87fe-f85bbcd2b055
[12:49:53] [Server thread/INFO]: Stantoncomet[/24.113.20.151:50878] logged in with entity id 228 at (665.8885358034798, 66.0, -285.32308599786296)
[12:49:53] [Server thread/INFO]: [motor oil] Stantoncomet© joined the game
[12:50:56] [Server thread/INFO]: [gucci_product_001] wooden_axe (2/2)
[12:50:59] [Server thread/INFO]: [gucci_product_001] jo mama (1/3)
[12:51:00] [Server thread/INFO]: [gucci_product_001] wooden_axe (2/3)
[12:51:00] [Server thread/INFO]: [gucci_product_001] anvil (3/3)
[12:51:16] [Server thread/INFO]: [gucci_product_001] jo mama (1/2)
[12:51:23] [Server thread/INFO]: [gucci_product_001] goofy poggers (2/2)
[12:51:24] [Server thread/INFO]: [gucci_product_001] jo mama (1/2)
[12:51:24] [Server thread/INFO]: [gucci_product_001] goofy poggers (2/2)
[12:51:26] [Server thread/INFO]: [test] repeating_command_block (1/1)
[12:51:27] [Server thread/INFO]: [test] repeating_command_block (1/1)
[12:51:27] [Server thread/INFO]: [test] repeating_command_block (1/1)
[12:51:29] [Server thread/INFO]: [test] repeating_command_block (1/4)
[12:51:29] [Server thread/INFO]: [test] anvil (2/4)
[12:51:30] [Server thread/INFO]: [test] wooden_axe (3/4)
[12:51:30] [Server thread/INFO]: [test] villager_spawn_egg (4/4)
[12:51:30] [Server thread/INFO]: [test] repeating_command_block (1/4)
[12:51:30] [Server thread/INFO]: [test] anvil (2/4)
[12:51:37] [Server thread/INFO]: [test] wooden_axe (3/4)
[12:52:17] [Server thread/INFO]: Named entity class_1560['gucci_product_001'/89, l='ServerLevel[dndthing]', x=665.86, y=66.00, z=-287.70] died: gucci_product_001 fell out of the world
[12:52:17] [Server thread/INFO]: Permanently removed citizen gucci_product_001
[12:52:28] [Server thread/INFO]: Named entity class_1430['test'/159, l='ServerLevel[dndthing]', x=666.32, y=66.00, z=-282.36] died: test fell out of the world
[12:52:28] [Server thread/INFO]: Permanently removed citizen test
[12:52:47] [Server thread/INFO]: [[motor oil] Stantoncomet©: Triggered [tpBackrooms]]
[12:52:50] [Server thread/INFO]: [[motor oil] Stantoncomet©: Triggered [tpBeach]]
[12:52:55] [Server thread/INFO]: [[motor oil] Stantoncomet©: Triggered [tpMudlands]]
[12:53:03] [Server thread/INFO]: [[motor oil] Stantoncomet©: Triggered [tpSpawn]]
[12:53:28] [Server thread/INFO]: [[motor oil] Stantoncomet©: Set own game mode to Spectator Mode]
[12:54:53] [Server thread/INFO]: [[motor oil] Stantoncomet©: Set own game mode to Creative Mode]
[12:55:03] [Server thread/INFO]: [[motor oil] Stantoncomet©: Set own game mode to Spectator Mode]
[12:55:08] [Server thread/INFO]: [[motor oil] Stantoncomet©: Set own game mode to Creative Mode]
[12:55:14] [Server thread/INFO]: [[motor oil] Stantoncomet©: Set own game mode to Spectator Mode]
[12:55:30] [Server thread/INFO]: [[motor oil] Stantoncomet©: Applied effect Night Vision to [motor oil] Stantoncomet©]
[12:56:05] [Server thread/INFO]: [[motor oil] Stantoncomet©: Triggered [tpBeach]]
[12:56:09] [Server thread/INFO]: [[motor oil] Stantoncomet©: Triggered [tpBackrooms]]
[12:56:24] [Server thread/INFO]: Stantoncomet lost connection: Disconnected
[12:56:24] [Server thread/INFO]: [motor oil] Stantoncomet© left the game
[12:56:42] [Server thread/INFO]: Stopping the server
[12:56:42] [Server thread/INFO]: Stopping server
[12:56:42] [Server thread/INFO]: Saving players
[12:56:42] [Server thread/INFO]: Saving worlds
[12:56:44] [Server thread/INFO]: Saving chunks for level 'ServerLevel[dndthing]'/minecraft:overworld
[12:56:44] [Server thread/INFO]: Saving chunks for level 'ServerLevel[dndthing]'/minecraft:the_nether
[12:56:44] [Server thread/INFO]: Saving chunks for level 'ServerLevel[dndthing]'/minecraft:the_end
[12:56:44] [Server thread/INFO]: ThreadedAnvilChunkStorage (world): All chunks are saved
[12:56:44] [Server thread/INFO]: ThreadedAnvilChunkStorage (DIM-1): All chunks are saved
[12:56:44] [Server thread/INFO]: ThreadedAnvilChunkStorage (DIM1): All chunks are saved
[12:56:44] [Server thread/INFO]: ThreadedAnvilChunkStorage: All dimensions are saved
